Analysis & Synthesis report for MIVEMIRROR_ZJW
Sat Jul 20 12:56:05 2019
Quartus Prime Version 17.0.0 Build 595 04/25/2017 SJ Standard Edition


---------------------
; Table of Contents ;
---------------------
  1. Legal Notice
  2. Analysis & Synthesis Summary
  3. Analysis & Synthesis Settings
  4. Parallel Compilation
  5. Analysis & Synthesis Source Files Read
  6. Analysis & Synthesis Resource Usage Summary
  7. Analysis & Synthesis Resource Utilization by Entity
  8. General Register Statistics
  9. Port Connectivity Checks: "CaptureT:CaptureT_inst"
 10. Analysis & Synthesis Messages
 11. Analysis & Synthesis Suppressed Messages



----------------
; Legal Notice ;
----------------
Copyright (C) 2017  Intel Corporation. All rights reserved.
Your use of Intel Corporation's design tools, logic functions 
and other software and tools, and its AMPP partner logic 
functions, and any output files from any of the foregoing 
(including device programming or simulation files), and any 
associated documentation or information are expressly subject 
to the terms and conditions of the Intel Program License 
Subscription Agreement, the Intel Quartus Prime License Agreement,
the Intel MegaCore Function License Agreement, or other 
applicable license agreement, including, without limitation, 
that your use is for the sole purpose of programming logic 
devices manufactured by Intel and sold by Intel or its 
authorized distributors.  Please refer to the applicable 
agreement for further details.



+-------------------------------------------------------------------------------+
; Analysis & Synthesis Summary                                                  ;
+-----------------------------+-------------------------------------------------+
; Analysis & Synthesis Status ; Successful - Sat Jul 20 12:56:05 2019           ;
; Quartus Prime Version       ; 17.0.0 Build 595 04/25/2017 SJ Standard Edition ;
; Revision Name               ; MIVEMIRROR_ZJW                                  ;
; Top-level Entity Name       ; MIVEMIRROR_ZJW                                  ;
; Family                      ; MAX II                                          ;
; Total logic elements        ; 150                                             ;
; Total pins                  ; 56                                              ;
; Total virtual pins          ; 0                                               ;
; UFM blocks                  ; 0 / 1 ( 0 % )                                   ;
+-----------------------------+-------------------------------------------------+


+----------------------------------------------------------------------------------------------------------------------+
; Analysis & Synthesis Settings                                                                                        ;
+----------------------------------------------------------------------------+--------------------+--------------------+
; Option                                                                     ; Setting            ; Default Value      ;
+----------------------------------------------------------------------------+--------------------+--------------------+
; Device                                                                     ; EPM1270T144C5      ;                    ;
; Top-level entity name                                                      ; MIVEMIRROR_ZJW     ; MIVEMIRROR_ZJW     ;
; Family name                                                                ; MAX II             ; Cyclone IV GX      ;
; Use smart compilation                                                      ; Off                ; Off                ;
; Enable parallel Assembler and TimeQuest Timing Analyzer during compilation ; On                 ; On                 ;
; Enable compact report table                                                ; Off                ; Off                ;
; Restructure Multiplexers                                                   ; Auto               ; Auto               ;
; Create Debugging Nodes for IP Cores                                        ; Off                ; Off                ;
; Preserve fewer node names                                                  ; On                 ; On                 ;
; OpenCore Plus hardware evaluation                                          ; Enable             ; Enable             ;
; Verilog Version                                                            ; Verilog_2001       ; Verilog_2001       ;
; VHDL Version                                                               ; VHDL_1993          ; VHDL_1993          ;
; State Machine Processing                                                   ; Auto               ; Auto               ;
; Safe State Machine                                                         ; Off                ; Off                ;
; Extract Verilog State Machines                                             ; On                 ; On                 ;
; Extract VHDL State Machines                                                ; On                 ; On                 ;
; Ignore Verilog initial constructs                                          ; Off                ; Off                ;
; Iteration limit for constant Verilog loops                                 ; 5000               ; 5000               ;
; Iteration limit for non-constant Verilog loops                             ; 250                ; 250                ;
; Add Pass-Through Logic to Inferred RAMs                                    ; On                 ; On                 ;
; Infer RAMs from Raw Logic                                                  ; On                 ; On                 ;
; Parallel Synthesis                                                         ; On                 ; On                 ;
; NOT Gate Push-Back                                                         ; On                 ; On                 ;
; Power-Up Don't Care                                                        ; On                 ; On                 ;
; Remove Redundant Logic Cells                                               ; Off                ; Off                ;
; Remove Duplicate Registers                                                 ; On                 ; On                 ;
; Ignore CARRY Buffers                                                       ; Off                ; Off                ;
; Ignore CASCADE Buffers                                                     ; Off                ; Off                ;
; Ignore GLOBAL Buffers                                                      ; Off                ; Off                ;
; Ignore ROW GLOBAL Buffers                                                  ; Off                ; Off                ;
; Ignore LCELL Buffers                                                       ; Off                ; Off                ;
; Ignore SOFT Buffers                                                        ; On                 ; On                 ;
; Limit AHDL Integers to 32 Bits                                             ; Off                ; Off                ;
; Optimization Technique                                                     ; Balanced           ; Balanced           ;
; Carry Chain Length                                                         ; 70                 ; 70                 ;
; Auto Carry Chains                                                          ; On                 ; On                 ;
; Auto Open-Drain Pins                                                       ; On                 ; On                 ;
; Perform WYSIWYG Primitive Resynthesis                                      ; Off                ; Off                ;
; Auto Shift Register Replacement                                            ; Auto               ; Auto               ;
; Allow Shift Register Merging across Hierarchies                            ; Auto               ; Auto               ;
; Auto Clock Enable Replacement                                              ; On                 ; On                 ;
; Allow Synchronous Control Signals                                          ; On                 ; On                 ;
; Force Use of Synchronous Clear Signals                                     ; Off                ; Off                ;
; Auto Resource Sharing                                                      ; Off                ; Off                ;
; Use LogicLock Constraints during Resource Balancing                        ; On                 ; On                 ;
; Ignore translate_off and synthesis_off directives                          ; Off                ; Off                ;
; Report Parameter Settings                                                  ; On                 ; On                 ;
; Report Source Assignments                                                  ; On                 ; On                 ;
; Report Connectivity Checks                                                 ; On                 ; On                 ;
; Ignore Maximum Fan-Out Assignments                                         ; Off                ; Off                ;
; Synchronization Register Chain Length                                      ; 2                  ; 2                  ;
; PowerPlay Power Optimization During Synthesis                              ; Normal compilation ; Normal compilation ;
; HDL message level                                                          ; Level2             ; Level2             ;
; Suppress Register Optimization Related Messages                            ; Off                ; Off                ;
; Number of Removed Registers Reported in Synthesis Report                   ; 5000               ; 5000               ;
; Number of Swept Nodes Reported in Synthesis Report                         ; 5000               ; 5000               ;
; Number of Inverted Registers Reported in Synthesis Report                  ; 100                ; 100                ;
; Clock MUX Protection                                                       ; On                 ; On                 ;
; Block Design Naming                                                        ; Auto               ; Auto               ;
; Synthesis Effort                                                           ; Auto               ; Auto               ;
; Shift Register Replacement - Allow Asynchronous Clear Signal               ; On                 ; On                 ;
; Analysis & Synthesis Message Level                                         ; Medium             ; Medium             ;
; Disable Register Merging Across Hierarchies                                ; Auto               ; Auto               ;
+----------------------------------------------------------------------------+--------------------+--------------------+


+------------------------------------------+
; Parallel Compilation                     ;
+----------------------------+-------------+
; Processors                 ; Number      ;
+----------------------------+-------------+
; Number detected on machine ; 12          ;
; Maximum allowed            ; 6           ;
;                            ;             ;
; Average used               ; 1.00        ;
; Maximum used               ; 1           ;
;                            ;             ;
; Usage by Processor         ; % Time Used ;
;     Processor 1            ; 100.0%      ;
+----------------------------+-------------+


+--------------------------------------------------------------------------------------------------------------------------------+
; Analysis & Synthesis Source Files Read                                                                                         ;
+----------------------------------+-----------------+------------------------+----------------------------------------+---------+
; File Name with User-Entered Path ; Used in Netlist ; File Type              ; File Name with Absolute Path           ; Library ;
+----------------------------------+-----------------+------------------------+----------------------------------------+---------+
; MIVEMIRROR_ZJW.v                 ; yes             ; User Verilog HDL File  ; F:/MoveMirror/CPLD/V3/MIVEMIRROR_ZJW.v ;         ;
; CaptureT.v                       ; yes             ; User Verilog HDL File  ; F:/MoveMirror/CPLD/V3/CaptureT.v       ;         ;
+----------------------------------+-----------------+------------------------+----------------------------------------+---------+


+-----------------------------------------------------+
; Analysis & Synthesis Resource Usage Summary         ;
+---------------------------------------------+-------+
; Resource                                    ; Usage ;
+---------------------------------------------+-------+
; Total logic elements                        ; 150   ;
;     -- Combinational with no register       ; 16    ;
;     -- Register only                        ; 69    ;
;     -- Combinational with a register        ; 65    ;
;                                             ;       ;
; Logic element usage by number of LUT inputs ;       ;
;     -- 4 input functions                    ; 17    ;
;     -- 3 input functions                    ; 31    ;
;     -- 2 input functions                    ; 32    ;
;     -- 1 input functions                    ; 1     ;
;     -- 0 input functions                    ; 0     ;
;                                             ;       ;
; Logic elements by mode                      ;       ;
;     -- normal mode                          ; 89    ;
;     -- arithmetic mode                      ; 61    ;
;     -- qfbk mode                            ; 0     ;
;     -- register cascade mode                ; 0     ;
;     -- synchronous clear/load mode          ; 0     ;
;     -- asynchronous clear/load mode         ; 0     ;
;                                             ;       ;
; Total registers                             ; 134   ;
; Total logic cells in carry chains           ; 63    ;
; I/O pins                                    ; 56    ;
; Maximum fan-out node                        ; clk   ;
; Maximum fan-out                             ; 134   ;
; Total fan-out                               ; 571   ;
; Average fan-out                             ; 2.77  ;
+---------------------------------------------+-------+


+-----------------------------------------------------------------------------------------------------------------------------------------------------------------------------------------------------------------------------------------------------------+
; Analysis & Synthesis Resource Utilization by Entity                                                                                                                                                                                                       ;
+-----------------------------+-------------+--------------+------------+------+--------------+--------------+-------------------+------------------+-----------------+------------+----------------------------------------+----------------+--------------+
; Compilation Hierarchy Node  ; Logic Cells ; LC Registers ; UFM Blocks ; Pins ; Virtual Pins ; LUT-Only LCs ; Register-Only LCs ; LUT/Register LCs ; Carry Chain LCs ; Packed LCs ; Full Hierarchy Name                    ; Entity Name    ; Library Name ;
+-----------------------------+-------------+--------------+------------+------+--------------+--------------+-------------------+------------------+-----------------+------------+----------------------------------------+----------------+--------------+
; |MIVEMIRROR_ZJW             ; 150 (16)    ; 134          ; 0          ; 56   ; 0            ; 16 (16)      ; 69 (0)            ; 65 (0)           ; 63 (0)          ; 0 (0)      ; |MIVEMIRROR_ZJW                        ; MIVEMIRROR_ZJW ; work         ;
;    |CaptureT:CaptureT_inst| ; 134 (134)   ; 134          ; 0          ; 0    ; 0            ; 0 (0)        ; 69 (69)           ; 65 (65)          ; 63 (63)         ; 0 (0)      ; |MIVEMIRROR_ZJW|CaptureT:CaptureT_inst ; CaptureT       ; work         ;
+-----------------------------+-------------+--------------+------------+------+--------------+--------------+-------------------+------------------+-----------------+------------+----------------------------------------+----------------+--------------+
Note: For table entries with two numbers listed, the numbers in parentheses indicate the number of resources of the given type used by the specific entity alone. The numbers listed outside of parentheses indicate the total resources of the given type used by the specific entity and all of its sub-entities in the hierarchy.


+------------------------------------------------------+
; General Register Statistics                          ;
+----------------------------------------------+-------+
; Statistic                                    ; Value ;
+----------------------------------------------+-------+
; Total registers                              ; 134   ;
; Number of registers using Synchronous Clear  ; 0     ;
; Number of registers using Synchronous Load   ; 0     ;
; Number of registers using Asynchronous Clear ; 0     ;
; Number of registers using Asynchronous Load  ; 0     ;
; Number of registers using Clock Enable       ; 96    ;
; Number of registers using Preset             ; 0     ;
+----------------------------------------------+-------+


+----------------------------------------------------+
; Port Connectivity Checks: "CaptureT:CaptureT_inst" ;
+---------+-------+----------+-----------------------+
; Port    ; Type  ; Severity ; Details               ;
+---------+-------+----------+-----------------------+
; reset_n ; Input ; Info     ; Stuck at VCC          ;
+---------+-------+----------+-----------------------+


+-------------------------------+
; Analysis & Synthesis Messages ;
+-------------------------------+
Info: *******************************************************************
Info: Running Quartus Prime Analysis & Synthesis
    Info: Version 17.0.0 Build 595 04/25/2017 SJ Standard Edition
    Info: Processing started: Sat Jul 20 12:55:57 2019
Info: Command: quartus_map --read_settings_files=on --write_settings_files=off MIVEMIRROR_ZJW -c MIVEMIRROR_ZJW
Warning (18236): Number of processors has not been specified which may cause overloading on shared machines.  Set the global assignment NUM_PARALLEL_PROCESSORS in your QSF to an appropriate value for best performance.
Info (20030): Parallel compilation is enabled and will use 6 of the 6 processors detected
Info (12021): Found 1 design units, including 1 entities, in source file mivemirror_zjw.v
    Info (12023): Found entity 1: MIVEMIRROR_ZJW File: F:/MoveMirror/CPLD/V3/MIVEMIRROR_ZJW.v Line: 1
Info (12021): Found 1 design units, including 1 entities, in source file capturet.v
    Info (12023): Found entity 1: CaptureT File: F:/MoveMirror/CPLD/V3/CaptureT.v Line: 1
Info (12127): Elaborating entity "MIVEMIRROR_ZJW" for the top level hierarchy
Warning (10034): Output port "ARM_IsPowerLow" at MIVEMIRROR_ZJW.v(54) has no driver File: F:/MoveMirror/CPLD/V3/MIVEMIRROR_ZJW.v Line: 54
Info (12128): Elaborating entity "CaptureT" for hierarchy "CaptureT:CaptureT_inst" File: F:/MoveMirror/CPLD/V3/MIVEMIRROR_ZJW.v Line: 99
Warning (13024): Output pins are stuck at VCC or GND
    Warning (13410): Pin "ARM_IsPowerLow" is stuck at GND File: F:/MoveMirror/CPLD/V3/MIVEMIRROR_ZJW.v Line: 54
Warning (21074): Design contains 8 input pin(s) that do not drive logic
    Warning (15610): No output dependent on input pin "reset_n" File: F:/MoveMirror/CPLD/V3/MIVEMIRROR_ZJW.v Line: 4
    Warning (15610): No output dependent on input pin "FSMC_NOE" File: F:/MoveMirror/CPLD/V3/MIVEMIRROR_ZJW.v Line: 51
    Warning (15610): No output dependent on input pin "FSMC_NWE" File: F:/MoveMirror/CPLD/V3/MIVEMIRROR_ZJW.v Line: 52
    Warning (15610): No output dependent on input pin "Address[2]" File: F:/MoveMirror/CPLD/V3/MIVEMIRROR_ZJW.v Line: 53
    Warning (15610): No output dependent on input pin "Address[3]" File: F:/MoveMirror/CPLD/V3/MIVEMIRROR_ZJW.v Line: 53
    Warning (15610): No output dependent on input pin "Address[4]" File: F:/MoveMirror/CPLD/V3/MIVEMIRROR_ZJW.v Line: 53
    Warning (15610): No output dependent on input pin "Address[5]" File: F:/MoveMirror/CPLD/V3/MIVEMIRROR_ZJW.v Line: 53
    Warning (15610): No output dependent on input pin "Address[6]" File: F:/MoveMirror/CPLD/V3/MIVEMIRROR_ZJW.v Line: 53
Info (21057): Implemented 206 device resources after synthesis - the final resource count might be different
    Info (21058): Implemented 25 input pins
    Info (21059): Implemented 15 output pins
    Info (21060): Implemented 16 bidirectional pins
    Info (21061): Implemented 150 logic cells
Info (144001): Generated suppressed messages file F:/MoveMirror/CPLD/V3/output_files/MIVEMIRROR_ZJW.map.smsg
Info: Quartus Prime Analysis & Synthesis was successful. 0 errors, 13 warnings
    Info: Peak virtual memory: 4724 megabytes
    Info: Processing ended: Sat Jul 20 12:56:05 2019
    Info: Elapsed time: 00:00:08
    Info: Total CPU time (on all processors): 00:00:18


+------------------------------------------+
; Analysis & Synthesis Suppressed Messages ;
+------------------------------------------+
The suppressed messages can be found in F:/MoveMirror/CPLD/V3/output_files/MIVEMIRROR_ZJW.map.smsg.


